{"D:\\MyWork\\LeanMind\\LeanClaw\\src\\data\\badges.ts": {"path":"D:\\MyWork\\LeanMind\\LeanClaw\\src\\data\\badges.ts","statementMap":{"0":{"start":{"line":14,"column":23},"end":{"line":16,"column":null}},"1":{"start":{"line":15,"column":2},"end":{"line":15,"column":null}},"2":{"start":{"line":19,"column":31},"end":{"line":69,"column":null}},"3":{"start":{"line":25,"column":44},"end":{"line":25,"column":null}},"4":{"start":{"line":32,"column":44},"end":{"line":32,"column":null}},"5":{"start":{"line":39,"column":44},"end":{"line":39,"column":null}},"6":{"start":{"line":46,"column":44},"end":{"line":46,"column":null}},"7":{"start":{"line":53,"column":44},"end":{"line":53,"column":null}},"8":{"start":{"line":60,"column":44},"end":{"line":60,"column":null}},"9":{"start":{"line":67,"column":44},"end":{"line":67,"column":null}},"10":{"start":{"line":72,"column":28},"end":{"line":74,"column":null}},"11":{"start":{"line":73,"column":2},"end":{"line":73,"column":null}},"12":{"start":{"line":77,"column":28},"end":{"line":79,"column":null}},"13":{"start":{"line":78,"column":2},"end":{"line":78,"column":null}},"14":{"start":{"line":78,"column":30},"end":{"line":78,"column":45}},"15":{"start":{"line":82,"column":31},"end":{"line":84,"column":null}},"16":{"start":{"line":83,"column":2},"end":{"line":83,"column":null}}},"fnMap":{"0":{"name":"(anonymous_0)","decl":{"start":{"line":14,"column":23},"end":{"line":14,"column":24}},"loc":{"start":{"line":14,"column":74},"end":{"line":16,"column":null}},"line":14},"1":{"name":"(anonymous_1)","decl":{"start":{"line":25,"column":15},"end":{"line":25,"column":16}},"loc":{"start":{"line":25,"column":44},"end":{"line":25,"column":null}},"line":25},"2":{"name":"(anonymous_2)","decl":{"start":{"line":32,"column":15},"end":{"line":32,"column":16}},"loc":{"start":{"line":32,"column":44},"end":{"line":32,"column":null}},"line":32},"3":{"name":"(anonymous_3)","decl":{"start":{"line":39,"column":15},"end":{"line":39,"column":16}},"loc":{"start":{"line":39,"column":44},"end":{"line":39,"column":null}},"line":39},"4":{"name":"(anonymous_4)","decl":{"start":{"line":46,"column":15},"end":{"line":46,"column":16}},"loc":{"start":{"line":46,"column":44},"end":{"line":46,"column":null}},"line":46},"5":{"name":"(anonymous_5)","decl":{"start":{"line":53,"column":15},"end":{"line":53,"column":16}},"loc":{"start":{"line":53,"column":44},"end":{"line":53,"column":null}},"line":53},"6":{"name":"(anonymous_6)","decl":{"start":{"line":60,"column":15},"end":{"line":60,"column":16}},"loc":{"start":{"line":60,"column":44},"end":{"line":60,"column":null}},"line":60},"7":{"name":"(anonymous_7)","decl":{"start":{"line":67,"column":15},"end":{"line":67,"column":16}},"loc":{"start":{"line":67,"column":44},"end":{"line":67,"column":null}},"line":67},"8":{"name":"(anonymous_8)","decl":{"start":{"line":72,"column":28},"end":{"line":72,"column":43}},"loc":{"start":{"line":72,"column":43},"end":{"line":74,"column":null}},"line":72},"9":{"name":"(anonymous_9)","decl":{"start":{"line":77,"column":28},"end":{"line":77,"column":29}},"loc":{"start":{"line":77,"column":63},"end":{"line":79,"column":null}},"line":77},"10":{"name":"(anonymous_10)","decl":{"start":{"line":78,"column":21},"end":{"line":78,"column":30}},"loc":{"start":{"line":78,"column":30},"end":{"line":78,"column":45}},"line":78},"11":{"name":"(anonymous_11)","decl":{"start":{"line":82,"column":31},"end":{"line":82,"column":32}},"loc":{"start":{"line":82,"column":86},"end":{"line":84,"column":null}},"line":82}},"branchMap":{},"s":{"0":2,"1":0,"2":2,"3":0,"4":0,"5":0,"6":0,"7":0,"8":0,"9":0,"10":2,"11":0,"12":2,"13":1,"14":1,"15":2,"16":0},"f":{"0":0,"1":0,"2":0,"3":0,"4":0,"5":0,"6":0,"7":0,"8":0,"9":1,"10":1,"11":0},"b":{},"meta":{"lastBranch":0,"lastFunction":12,"lastStatement":17,"seen":{"s:14:23:16:Infinity":0,"f:14:23:14:24":0,"s:15:2:15:Infinity":1,"s:19:31:69:Infinity":2,"f:25:15:25:16":1,"s:25:44:25:Infinity":3,"f:32:15:32:16":2,"s:32:44:32:Infinity":4,"f:39:15:39:16":3,"s:39:44:39:Infinity":5,"f:46:15:46:16":4,"s:46:44:46:Infinity":6,"f:53:15:53:16":5,"s:53:44:53:Infinity":7,"f:60:15:60:16":6,"s:60:44:60:Infinity":8,"f:67:15:67:16":7,"s:67:44:67:Infinity":9,"s:72:28:74:Infinity":10,"f:72:28:72:43":8,"s:73:2:73:Infinity":11,"s:77:28:79:Infinity":12,"f:77:28:77:29":9,"s:78:2:78:Infinity":13,"f:78:21:78:30":10,"s:78:30:78:45":14,"s:82:31:84:Infinity":15,"f:82:31:82:32":11,"s:83:2:83:Infinity":16}}}
,"D:\\MyWork\\LeanMind\\LeanClaw\\src\\data\\certificate.ts": {"path":"D:\\MyWork\\LeanMind\\LeanClaw\\src\\data\\certificate.ts","statementMap":{"0":{"start":{"line":12,"column":79},"end":{"line":16,"column":null}},"1":{"start":{"line":19,"column":33},"end":{"line":30,"column":null}},"2":{"start":{"line":20,"column":14},"end":{"line":20,"column":null}},"3":{"start":{"line":21,"column":15},"end":{"line":21,"column":null}},"4":{"start":{"line":22,"column":16},"end":{"line":22,"column":null}},"5":{"start":{"line":23,"column":14},"end":{"line":23,"column":null}},"6":{"start":{"line":25,"column":2},"end":{"line":29,"column":null}}},"fnMap":{"0":{"name":"(anonymous_0)","decl":{"start":{"line":19,"column":33},"end":{"line":19,"column":34}},"loc":{"start":{"line":19,"column":80},"end":{"line":30,"column":null}},"line":19}},"branchMap":{"0":{"loc":{"start":{"line":19,"column":34},"end":{"line":19,"column":80}},"type":"default-arg","locations":[{"start":{"line":19,"column":55},"end":{"line":19,"column":80}}],"line":19}},"s":{"0":1,"1":1,"2":0,"3":0,"4":0,"5":0,"6":0},"f":{"0":0},"b":{"0":[0]},"meta":{"lastBranch":1,"lastFunction":1,"lastStatement":7,"seen":{"s:12:79:16:Infinity":0,"s:19:33:30:Infinity":1,"f:19:33:19:34":0,"b:19:55:19:80":0,"s:20:14:20:Infinity":2,"s:21:15:21:Infinity":3,"s:22:16:22:Infinity":4,"s:23:14:23:Infinity":5,"s:25:2:29:Infinity":6}}}
,"D:\\MyWork\\LeanMind\\LeanClaw\\src\\data\\lessons.ts": {"path":"D:\\MyWork\\LeanMind\\LeanClaw\\src\\data\\lessons.ts","statementMap":{"0":{"start":{"line":10,"column":36},"end":{"line":18,"column":null}},"1":{"start":{"line":21,"column":29},"end":{"line":23,"column":null}},"2":{"start":{"line":22,"column":2},"end":{"line":22,"column":null}},"3":{"start":{"line":22,"column":32},"end":{"line":22,"column":48}},"4":{"start":{"line":26,"column":31},"end":{"line":28,"column":null}},"5":{"start":{"line":27,"column":2},"end":{"line":27,"column":null}},"6":{"start":{"line":27,"column":31},"end":{"line":27,"column":40}}},"fnMap":{"0":{"name":"(anonymous_0)","decl":{"start":{"line":21,"column":29},"end":{"line":21,"column":30}},"loc":{"start":{"line":21,"column":68},"end":{"line":23,"column":null}},"line":21},"1":{"name":"(anonymous_1)","decl":{"start":{"line":22,"column":22},"end":{"line":22,"column":32}},"loc":{"start":{"line":22,"column":32},"end":{"line":22,"column":48}},"line":22},"2":{"name":"(anonymous_2)","decl":{"start":{"line":26,"column":31},"end":{"line":26,"column":47}},"loc":{"start":{"line":26,"column":47},"end":{"line":28,"column":null}},"line":26},"3":{"name":"(anonymous_3)","decl":{"start":{"line":27,"column":21},"end":{"line":27,"column":31}},"loc":{"start":{"line":27,"column":31},"end":{"line":27,"column":40}},"line":27}},"branchMap":{},"s":{"0":1,"1":1,"2":2,"3":8,"4":1,"5":1,"6":7},"f":{"0":2,"1":8,"2":1,"3":7},"b":{},"meta":{"lastBranch":0,"lastFunction":4,"lastStatement":7,"seen":{"s:10:36:18:Infinity":0,"s:21:29:23:Infinity":1,"f:21:29:21:30":0,"s:22:2:22:Infinity":2,"f:22:22:22:32":1,"s:22:32:22:48":3,"s:26:31:28:Infinity":4,"f:26:31:26:47":2,"s:27:2:27:Infinity":5,"f:27:21:27:31":3,"s:27:31:27:40":6}}}
,"D:\\MyWork\\LeanMind\\LeanClaw\\src\\data\\mock.ts": {"path":"D:\\MyWork\\LeanMind\\LeanClaw\\src\\data\\mock.ts","statementMap":{"0":{"start":{"line":18,"column":41},"end":{"line":182,"column":null}}},"fnMap":{},"branchMap":{},"s":{"0":1},"f":{},"b":{},"meta":{"lastBranch":0,"lastFunction":0,"lastStatement":1,"seen":{"s:18:41:182:Infinity":0}}}
,"D:\\MyWork\\LeanMind\\LeanClaw\\src\\utils\\favorites.ts": {"path":"D:\\MyWork\\LeanMind\\LeanClaw\\src\\utils\\favorites.ts","statementMap":{"0":{"start":{"line":20,"column":20},"end":{"line":20,"column":null}},"1":{"start":{"line":23,"column":28},"end":{"line":33,"column":null}},"2":{"start":{"line":24,"column":2},"end":{"line":31,"column":null}},"3":{"start":{"line":25,"column":17},"end":{"line":25,"column":null}},"4":{"start":{"line":26,"column":4},"end":{"line":28,"column":null}},"5":{"start":{"line":27,"column":6},"end":{"line":27,"column":null}},"6":{"start":{"line":30,"column":4},"end":{"line":30,"column":null}},"7":{"start":{"line":32,"column":2},"end":{"line":32,"column":null}},"8":{"start":{"line":36,"column":22},"end":{"line":42,"column":null}},"9":{"start":{"line":37,"column":2},"end":{"line":41,"column":null}},"10":{"start":{"line":38,"column":4},"end":{"line":38,"column":null}},"11":{"start":{"line":40,"column":4},"end":{"line":40,"column":null}},"12":{"start":{"line":45,"column":27},"end":{"line":48,"column":null}},"13":{"start":{"line":46,"column":20},"end":{"line":46,"column":null}},"14":{"start":{"line":47,"column":2},"end":{"line":47,"column":null}},"15":{"start":{"line":47,"column":32},"end":{"line":47,"column":46}},"16":{"start":{"line":51,"column":27},"end":{"line":74,"column":null}},"17":{"start":{"line":53,"column":2},"end":{"line":55,"column":null}},"18":{"start":{"line":54,"column":4},"end":{"line":54,"column":null}},"19":{"start":{"line":57,"column":20},"end":{"line":57,"column":null}},"20":{"start":{"line":59,"column":37},"end":{"line":69,"column":null}},"21":{"start":{"line":71,"column":2},"end":{"line":71,"column":null}},"22":{"start":{"line":72,"column":2},"end":{"line":72,"column":null}},"23":{"start":{"line":73,"column":2},"end":{"line":73,"column":null}},"24":{"start":{"line":77,"column":30},"end":{"line":88,"column":null}},"25":{"start":{"line":78,"column":20},"end":{"line":78,"column":null}},"26":{"start":{"line":79,"column":16},"end":{"line":79,"column":null}},"27":{"start":{"line":79,"column":44},"end":{"line":79,"column":58}},"28":{"start":{"line":81,"column":2},"end":{"line":83,"column":null}},"29":{"start":{"line":82,"column":4},"end":{"line":82,"column":null}},"30":{"start":{"line":85,"column":2},"end":{"line":85,"column":null}},"31":{"start":{"line":86,"column":2},"end":{"line":86,"column":null}},"32":{"start":{"line":87,"column":2},"end":{"line":87,"column":null}},"33":{"start":{"line":91,"column":30},"end":{"line":97,"column":null}},"34":{"start":{"line":92,"column":2},"end":{"line":96,"column":null}},"35":{"start":{"line":93,"column":4},"end":{"line":93,"column":null}},"36":{"start":{"line":95,"column":4},"end":{"line":95,"column":null}},"37":{"start":{"line":100,"column":33},"end":{"line":102,"column":null}},"38":{"start":{"line":101,"column":2},"end":{"line":101,"column":null}},"39":{"start":{"line":105,"column":33},"end":{"line":107,"column":null}},"40":{"start":{"line":106,"column":2},"end":{"line":106,"column":null}}},"fnMap":{"0":{"name":"(anonymous_0)","decl":{"start":{"line":23,"column":28},"end":{"line":23,"column":50}},"loc":{"start":{"line":23,"column":50},"end":{"line":33,"column":null}},"line":23},"1":{"name":"(anonymous_1)","decl":{"start":{"line":36,"column":22},"end":{"line":36,"column":23}},"loc":{"start":{"line":36,"column":59},"end":{"line":42,"column":null}},"line":36},"2":{"name":"(anonymous_2)","decl":{"start":{"line":45,"column":27},"end":{"line":45,"column":28}},"loc":{"start":{"line":45,"column":52},"end":{"line":48,"column":null}},"line":45},"3":{"name":"(anonymous_3)","decl":{"start":{"line":47,"column":24},"end":{"line":47,"column":32}},"loc":{"start":{"line":47,"column":32},"end":{"line":47,"column":46}},"line":47},"4":{"name":"(anonymous_4)","decl":{"start":{"line":51,"column":27},"end":{"line":51,"column":28}},"loc":{"start":{"line":51,"column":60},"end":{"line":74,"column":null}},"line":51},"5":{"name":"(anonymous_5)","decl":{"start":{"line":77,"column":30},"end":{"line":77,"column":31}},"loc":{"start":{"line":77,"column":55},"end":{"line":88,"column":null}},"line":77},"6":{"name":"(anonymous_6)","decl":{"start":{"line":79,"column":36},"end":{"line":79,"column":44}},"loc":{"start":{"line":79,"column":44},"end":{"line":79,"column":58}},"line":79},"7":{"name":"(anonymous_7)","decl":{"start":{"line":91,"column":30},"end":{"line":91,"column":31}},"loc":{"start":{"line":91,"column":63},"end":{"line":97,"column":null}},"line":91},"8":{"name":"(anonymous_8)","decl":{"start":{"line":100,"column":33},"end":{"line":100,"column":47}},"loc":{"start":{"line":100,"column":47},"end":{"line":102,"column":null}},"line":100},"9":{"name":"(anonymous_9)","decl":{"start":{"line":105,"column":33},"end":{"line":105,"column":45}},"loc":{"start":{"line":105,"column":45},"end":{"line":107,"column":null}},"line":105}},"branchMap":{"0":{"loc":{"start":{"line":26,"column":4},"end":{"line":28,"column":null}},"type":"if","locations":[{"start":{"line":26,"column":4},"end":{"line":28,"column":null}},{"start":{},"end":{}}],"line":26},"1":{"loc":{"start":{"line":26,"column":8},"end":{"line":26,"column":37}},"type":"binary-expr","locations":[{"start":{"line":26,"column":8},"end":{"line":26,"column":16}},{"start":{"line":26,"column":16},"end":{"line":26,"column":37}}],"line":26},"2":{"loc":{"start":{"line":53,"column":2},"end":{"line":55,"column":null}},"type":"if","locations":[{"start":{"line":53,"column":2},"end":{"line":55,"column":null}},{"start":{},"end":{}}],"line":53},"3":{"loc":{"start":{"line":81,"column":2},"end":{"line":83,"column":null}},"type":"if","locations":[{"start":{"line":81,"column":2},"end":{"line":83,"column":null}},{"start":{},"end":{}}],"line":81},"4":{"loc":{"start":{"line":92,"column":2},"end":{"line":96,"column":null}},"type":"if","locations":[{"start":{"line":92,"column":2},"end":{"line":96,"column":null}},{"start":{"line":94,"column":9},"end":{"line":96,"column":null}}],"line":92}},"s":{"0":1,"1":1,"2":29,"3":29,"4":29,"5":29,"6":0,"7":0,"8":1,"9":19,"10":19,"11":0,"12":1,"13":15,"14":15,"15":5,"16":1,"17":9,"18":1,"19":8,"20":8,"21":8,"22":8,"23":8,"24":1,"25":2,"26":2,"27":2,"28":2,"29":0,"30":2,"31":2,"32":2,"33":1,"34":2,"35":1,"36":1,"37":1,"38":0,"39":1,"40":9},"f":{"0":29,"1":19,"2":15,"3":5,"4":9,"5":2,"6":2,"7":2,"8":0,"9":9},"b":{"0":[29,0],"1":[29,29],"2":[1,8],"3":[0,2],"4":[1,1]},"meta":{"lastBranch":5,"lastFunction":10,"lastStatement":41,"seen":{"s:20:20:20:Infinity":0,"s:23:28:33:Infinity":1,"f:23:28:23:50":0,"s:24:2:31:Infinity":2,"s:25:17:25:Infinity":3,"b:26:4:28:Infinity:undefined:undefined:undefined:undefined":0,"s:26:4:28:Infinity":4,"b:26:8:26:16:26:16:26:37":1,"s:27:6:27:Infinity":5,"s:30:4:30:Infinity":6,"s:32:2:32:Infinity":7,"s:36:22:42:Infinity":8,"f:36:22:36:23":1,"s:37:2:41:Infinity":9,"s:38:4:38:Infinity":10,"s:40:4:40:Infinity":11,"s:45:27:48:Infinity":12,"f:45:27:45:28":2,"s:46:20:46:Infinity":13,"s:47:2:47:Infinity":14,"f:47:24:47:32":3,"s:47:32:47:46":15,"s:51:27:74:Infinity":16,"f:51:27:51:28":4,"b:53:2:55:Infinity:undefined:undefined:undefined:undefined":2,"s:53:2:55:Infinity":17,"s:54:4:54:Infinity":18,"s:57:20:57:Infinity":19,"s:59:37:69:Infinity":20,"s:71:2:71:Infinity":21,"s:72:2:72:Infinity":22,"s:73:2:73:Infinity":23,"s:77:30:88:Infinity":24,"f:77:30:77:31":5,"s:78:20:78:Infinity":25,"s:79:16:79:Infinity":26,"f:79:36:79:44":6,"s:79:44:79:58":27,"b:81:2:83:Infinity:undefined:undefined:undefined:undefined":3,"s:81:2:83:Infinity":28,"s:82:4:82:Infinity":29,"s:85:2:85:Infinity":30,"s:86:2:86:Infinity":31,"s:87:2:87:Infinity":32,"s:91:30:97:Infinity":33,"f:91:30:91:31":7,"b:92:2:96:Infinity:94:9:96:Infinity":4,"s:92:2:96:Infinity":34,"s:93:4:93:Infinity":35,"s:95:4:95:Infinity":36,"s:100:33:102:Infinity":37,"f:100:33:100:47":8,"s:101:2:101:Infinity":38,"s:105:33:107:Infinity":39,"f:105:33:105:45":9,"s:106:2:106:Infinity":40}}}
,"D:\\MyWork\\LeanMind\\LeanClaw\\src\\utils\\learnProgress.ts": {"path":"D:\\MyWork\\LeanMind\\LeanClaw\\src\\utils\\learnProgress.ts","statementMap":{"0":{"start":{"line":9,"column":20},"end":{"line":9,"column":null}},"1":{"start":{"line":10,"column":29},"end":{"line":10,"column":null}},"2":{"start":{"line":24,"column":51},"end":{"line":32,"column":null}},"3":{"start":{"line":35,"column":27},"end":{"line":58,"column":null}},"4":{"start":{"line":36,"column":2},"end":{"line":48,"column":null}},"5":{"start":{"line":37,"column":17},"end":{"line":37,"column":null}},"6":{"start":{"line":38,"column":4},"end":{"line":45,"column":null}},"7":{"start":{"line":39,"column":6},"end":{"line":44,"column":null}},"8":{"start":{"line":47,"column":4},"end":{"line":47,"column":null}},"9":{"start":{"line":49,"column":2},"end":{"line":57,"column":null}},"10":{"start":{"line":61,"column":28},"end":{"line":67,"column":null}},"11":{"start":{"line":62,"column":2},"end":{"line":66,"column":null}},"12":{"start":{"line":63,"column":4},"end":{"line":63,"column":null}},"13":{"start":{"line":65,"column":4},"end":{"line":65,"column":null}},"14":{"start":{"line":70,"column":32},"end":{"line":75,"column":null}},"15":{"start":{"line":71,"column":19},"end":{"line":71,"column":null}},"16":{"start":{"line":72,"column":2},"end":{"line":72,"column":null}},"17":{"start":{"line":73,"column":2},"end":{"line":73,"column":null}},"18":{"start":{"line":74,"column":2},"end":{"line":74,"column":null}},"19":{"start":{"line":78,"column":34},"end":{"line":90,"column":null}},"20":{"start":{"line":79,"column":19},"end":{"line":79,"column":null}},"21":{"start":{"line":80,"column":2},"end":{"line":88,"column":null}},"22":{"start":{"line":81,"column":4},"end":{"line":81,"column":null}},"23":{"start":{"line":83,"column":19},"end":{"line":83,"column":null}},"24":{"start":{"line":84,"column":4},"end":{"line":86,"column":null}},"25":{"start":{"line":85,"column":6},"end":{"line":85,"column":null}},"26":{"start":{"line":87,"column":4},"end":{"line":87,"column":null}},"27":{"start":{"line":89,"column":2},"end":{"line":89,"column":null}},"28":{"start":{"line":93,"column":31},"end":{"line":98,"column":null}},"29":{"start":{"line":94,"column":19},"end":{"line":94,"column":null}},"30":{"start":{"line":95,"column":2},"end":{"line":95,"column":null}},"31":{"start":{"line":96,"column":2},"end":{"line":96,"column":null}},"32":{"start":{"line":97,"column":2},"end":{"line":97,"column":null}},"33":{"start":{"line":101,"column":23},"end":{"line":107,"column":null}},"34":{"start":{"line":102,"column":14},"end":{"line":102,"column":null}},"35":{"start":{"line":103,"column":15},"end":{"line":103,"column":null}},"36":{"start":{"line":104,"column":16},"end":{"line":104,"column":null}},"37":{"start":{"line":105,"column":14},"end":{"line":105,"column":null}},"38":{"start":{"line":106,"column":2},"end":{"line":106,"column":null}},"39":{"start":{"line":110,"column":36},"end":{"line":137,"column":null}},"40":{"start":{"line":111,"column":19},"end":{"line":111,"column":null}},"41":{"start":{"line":112,"column":16},"end":{"line":112,"column":null}},"42":{"start":{"line":114,"column":2},"end":{"line":117,"column":null}},"43":{"start":{"line":116,"column":4},"end":{"line":116,"column":null}},"44":{"start":{"line":119,"column":20},"end":{"line":119,"column":null}},"45":{"start":{"line":120,"column":2},"end":{"line":120,"column":null}},"46":{"start":{"line":121,"column":23},"end":{"line":121,"column":null}},"47":{"start":{"line":123,"column":2},"end":{"line":132,"column":null}},"48":{"start":{"line":125,"column":4},"end":{"line":125,"column":null}},"49":{"start":{"line":126,"column":2},"end":{"line":132,"column":null}},"50":{"start":{"line":128,"column":4},"end":{"line":128,"column":null}},"51":{"start":{"line":131,"column":4},"end":{"line":131,"column":null}},"52":{"start":{"line":134,"column":2},"end":{"line":134,"column":null}},"53":{"start":{"line":135,"column":2},"end":{"line":135,"column":null}},"54":{"start":{"line":136,"column":2},"end":{"line":136,"column":null}},"55":{"start":{"line":140,"column":24},"end":{"line":147,"column":null}},"56":{"start":{"line":141,"column":19},"end":{"line":141,"column":null}},"57":{"start":{"line":142,"column":2},"end":{"line":145,"column":null}},"58":{"start":{"line":143,"column":4},"end":{"line":143,"column":null}},"59":{"start":{"line":144,"column":4},"end":{"line":144,"column":null}},"60":{"start":{"line":146,"column":2},"end":{"line":146,"column":null}},"61":{"start":{"line":150,"column":32},"end":{"line":161,"column":null}},"62":{"start":{"line":151,"column":19},"end":{"line":151,"column":null}},"63":{"start":{"line":152,"column":2},"end":{"line":159,"column":null}},"64":{"start":{"line":153,"column":4},"end":{"line":153,"column":null}},"65":{"start":{"line":155,"column":16},"end":{"line":155,"column":null}},"66":{"start":{"line":156,"column":20},"end":{"line":156,"column":null}},"67":{"start":{"line":157,"column":4},"end":{"line":157,"column":null}},"68":{"start":{"line":158,"column":4},"end":{"line":158,"column":null}},"69":{"start":{"line":160,"column":2},"end":{"line":160,"column":null}},"70":{"start":{"line":164,"column":35},"end":{"line":173,"column":null}},"71":{"start":{"line":165,"column":19},"end":{"line":165,"column":null}},"72":{"start":{"line":167,"column":2},"end":{"line":171,"column":null}},"73":{"start":{"line":167,"column":15},"end":{"line":167,"column":18}},"74":{"start":{"line":168,"column":4},"end":{"line":170,"column":null}},"75":{"start":{"line":169,"column":6},"end":{"line":169,"column":null}},"76":{"start":{"line":172,"column":2},"end":{"line":172,"column":null}},"77":{"start":{"line":176,"column":34},"end":{"line":178,"column":null}},"78":{"start":{"line":177,"column":2},"end":{"line":177,"column":null}},"79":{"start":{"line":181,"column":30},"end":{"line":193,"column":null}},"80":{"start":{"line":182,"column":19},"end":{"line":182,"column":null}},"81":{"start":{"line":183,"column":2},"end":{"line":185,"column":null}},"82":{"start":{"line":184,"column":4},"end":{"line":184,"column":null}},"83":{"start":{"line":186,"column":18},"end":{"line":186,"column":null}},"84":{"start":{"line":187,"column":8},"end":{"line":187,"column":null}},"85":{"start":{"line":188,"column":2},"end":{"line":191,"column":null}},"86":{"start":{"line":189,"column":31},"end":{"line":189,"column":null}},"87":{"start":{"line":190,"column":4},"end":{"line":190,"column":null}},"88":{"start":{"line":192,"column":2},"end":{"line":192,"column":null}},"89":{"start":{"line":196,"column":29},"end":{"line":208,"column":null}},"90":{"start":{"line":197,"column":34},"end":{"line":205,"column":null}},"91":{"start":{"line":206,"column":2},"end":{"line":206,"column":null}},"92":{"start":{"line":207,"column":2},"end":{"line":207,"column":null}},"93":{"start":{"line":211,"column":34},"end":{"line":213,"column":null}},"94":{"start":{"line":212,"column":2},"end":{"line":212,"column":null}},"95":{"start":{"line":217,"column":36},"end":{"line":234,"column":null}},"96":{"start":{"line":218,"column":19},"end":{"line":218,"column":null}},"97":{"start":{"line":219,"column":29},"end":{"line":219,"column":null}},"98":{"start":{"line":221,"column":2},"end":{"line":227,"column":null}},"99":{"start":{"line":223,"column":4},"end":{"line":226,"column":null}},"100":{"start":{"line":224,"column":6},"end":{"line":224,"column":null}},"101":{"start":{"line":225,"column":6},"end":{"line":225,"column":null}},"102":{"start":{"line":229,"column":2},"end":{"line":231,"column":null}},"103":{"start":{"line":230,"column":4},"end":{"line":230,"column":null}},"104":{"start":{"line":233,"column":2},"end":{"line":233,"column":null}}},"fnMap":{"0":{"name":"(anonymous_0)","decl":{"start":{"line":35,"column":27},"end":{"line":35,"column":48}},"loc":{"start":{"line":35,"column":48},"end":{"line":58,"column":null}},"line":35},"1":{"name":"(anonymous_1)","decl":{"start":{"line":61,"column":28},"end":{"line":61,"column":29}},"loc":{"start":{"line":61,"column":63},"end":{"line":67,"column":null}},"line":61},"2":{"name":"(anonymous_2)","decl":{"start":{"line":70,"column":32},"end":{"line":70,"column":33}},"loc":{"start":{"line":70,"column":64},"end":{"line":75,"column":null}},"line":70},"3":{"name":"(anonymous_3)","decl":{"start":{"line":78,"column":34},"end":{"line":78,"column":35}},"loc":{"start":{"line":78,"column":71},"end":{"line":90,"column":null}},"line":78},"4":{"name":"(anonymous_4)","decl":{"start":{"line":93,"column":31},"end":{"line":93,"column":32}},"loc":{"start":{"line":93,"column":67},"end":{"line":98,"column":null}},"line":93},"5":{"name":"(anonymous_5)","decl":{"start":{"line":101,"column":23},"end":{"line":101,"column":37}},"loc":{"start":{"line":101,"column":37},"end":{"line":107,"column":null}},"line":101},"6":{"name":"(anonymous_6)","decl":{"start":{"line":110,"column":36},"end":{"line":110,"column":57}},"loc":{"start":{"line":110,"column":57},"end":{"line":137,"column":null}},"line":110},"7":{"name":"(anonymous_7)","decl":{"start":{"line":140,"column":24},"end":{"line":140,"column":25}},"loc":{"start":{"line":140,"column":58},"end":{"line":147,"column":null}},"line":140},"8":{"name":"(anonymous_8)","decl":{"start":{"line":150,"column":32},"end":{"line":150,"column":33}},"loc":{"start":{"line":150,"column":70},"end":{"line":161,"column":null}},"line":150},"9":{"name":"(anonymous_9)","decl":{"start":{"line":164,"column":35},"end":{"line":164,"column":50}},"loc":{"start":{"line":164,"column":50},"end":{"line":173,"column":null}},"line":164},"10":{"name":"(anonymous_10)","decl":{"start":{"line":176,"column":34},"end":{"line":176,"column":48}},"loc":{"start":{"line":176,"column":48},"end":{"line":178,"column":null}},"line":176},"11":{"name":"(anonymous_11)","decl":{"start":{"line":181,"column":30},"end":{"line":181,"column":56}},"loc":{"start":{"line":181,"column":56},"end":{"line":193,"column":null}},"line":181},"12":{"name":"(anonymous_12)","decl":{"start":{"line":196,"column":29},"end":{"line":196,"column":50}},"loc":{"start":{"line":196,"column":50},"end":{"line":208,"column":null}},"line":196},"13":{"name":"(anonymous_13)","decl":{"start":{"line":211,"column":34},"end":{"line":211,"column":55}},"loc":{"start":{"line":211,"column":55},"end":{"line":213,"column":null}},"line":211},"14":{"name":"(anonymous_14)","decl":{"start":{"line":217,"column":36},"end":{"line":217,"column":51}},"loc":{"start":{"line":217,"column":51},"end":{"line":234,"column":null}},"line":217}},"branchMap":{"0":{"loc":{"start":{"line":38,"column":4},"end":{"line":45,"column":null}},"type":"if","locations":[{"start":{"line":38,"column":4},"end":{"line":45,"column":null}},{"start":{},"end":{}}],"line":38},"1":{"loc":{"start":{"line":42,"column":31},"end":{"line":42,"column":59}},"type":"binary-expr","locations":[{"start":{"line":42,"column":31},"end":{"line":42,"column":56}},{"start":{"line":42,"column":56},"end":{"line":42,"column":59}}],"line":42},"2":{"loc":{"start":{"line":43,"column":21},"end":{"line":43,"column":39}},"type":"binary-expr","locations":[{"start":{"line":43,"column":21},"end":{"line":43,"column":36}},{"start":{"line":43,"column":36},"end":{"line":43,"column":39}}],"line":43},"3":{"loc":{"start":{"line":80,"column":2},"end":{"line":88,"column":null}},"type":"if","locations":[{"start":{"line":80,"column":2},"end":{"line":88,"column":null}},{"start":{},"end":{}}],"line":80},"4":{"loc":{"start":{"line":84,"column":4},"end":{"line":86,"column":null}},"type":"if","locations":[{"start":{"line":84,"column":4},"end":{"line":86,"column":null}},{"start":{},"end":{}}],"line":84},"5":{"loc":{"start":{"line":84,"column":8},"end":{"line":84,"column":48}},"type":"binary-expr","locations":[{"start":{"line":84,"column":8},"end":{"line":84,"column":18}},{"start":{"line":84,"column":18},"end":{"line":84,"column":48}}],"line":84},"6":{"loc":{"start":{"line":114,"column":2},"end":{"line":117,"column":null}},"type":"if","locations":[{"start":{"line":114,"column":2},"end":{"line":117,"column":null}},{"start":{},"end":{}}],"line":114},"7":{"loc":{"start":{"line":123,"column":2},"end":{"line":132,"column":null}},"type":"if","locations":[{"start":{"line":123,"column":2},"end":{"line":132,"column":null}},{"start":{"line":126,"column":2},"end":{"line":132,"column":null}}],"line":123},"8":{"loc":{"start":{"line":126,"column":2},"end":{"line":132,"column":null}},"type":"if","locations":[{"start":{"line":126,"column":2},"end":{"line":132,"column":null}},{"start":{"line":129,"column":9},"end":{"line":132,"column":null}}],"line":126},"9":{"loc":{"start":{"line":142,"column":2},"end":{"line":145,"column":null}},"type":"if","locations":[{"start":{"line":142,"column":2},"end":{"line":145,"column":null}},{"start":{},"end":{}}],"line":142},"10":{"loc":{"start":{"line":152,"column":2},"end":{"line":159,"column":null}},"type":"if","locations":[{"start":{"line":152,"column":2},"end":{"line":159,"column":null}},{"start":{},"end":{}}],"line":152},"11":{"loc":{"start":{"line":168,"column":4},"end":{"line":170,"column":null}},"type":"if","locations":[{"start":{"line":168,"column":4},"end":{"line":170,"column":null}},{"start":{},"end":{}}],"line":168},"12":{"loc":{"start":{"line":177,"column":9},"end":{"line":177,"column":null}},"type":"binary-expr","locations":[{"start":{"line":177,"column":9},"end":{"line":177,"column":53}},{"start":{"line":177,"column":53},"end":{"line":177,"column":null}}],"line":177},"13":{"loc":{"start":{"line":183,"column":2},"end":{"line":185,"column":null}},"type":"if","locations":[{"start":{"line":183,"column":2},"end":{"line":185,"column":null}},{"start":{},"end":{}}],"line":183},"14":{"loc":{"start":{"line":188,"column":2},"end":{"line":191,"column":null}},"type":"if","locations":[{"start":{"line":188,"column":2},"end":{"line":191,"column":null}},{"start":{},"end":{}}],"line":188},"15":{"loc":{"start":{"line":223,"column":4},"end":{"line":226,"column":null}},"type":"if","locations":[{"start":{"line":223,"column":4},"end":{"line":226,"column":null}},{"start":{},"end":{}}],"line":223},"16":{"loc":{"start":{"line":223,"column":8},"end":{"line":223,"column":74}},"type":"binary-expr","locations":[{"start":{"line":223,"column":8},"end":{"line":223,"column":47}},{"start":{"line":223,"column":47},"end":{"line":223,"column":74}}],"line":223},"17":{"loc":{"start":{"line":229,"column":2},"end":{"line":231,"column":null}},"type":"if","locations":[{"start":{"line":229,"column":2},"end":{"line":231,"column":null}},{"start":{},"end":{}}],"line":229}},"s":{"0":1,"1":1,"2":1,"3":1,"4":21,"5":21,"6":21,"7":21,"8":0,"9":0,"10":1,"11":20,"12":20,"13":0,"14":1,"15":4,"16":4,"17":4,"18":4,"19":1,"20":4,"21":4,"22":3,"23":3,"24":3,"25":0,"26":3,"27":4,"28":1,"29":3,"30":3,"31":3,"32":3,"33":1,"34":1,"35":1,"36":1,"37":1,"38":1,"39":1,"40":1,"41":1,"42":1,"43":0,"44":1,"45":1,"46":1,"47":1,"48":0,"49":1,"50":1,"51":0,"52":1,"53":1,"54":1,"55":1,"56":0,"57":0,"58":0,"59":0,"60":0,"61":1,"62":0,"63":0,"64":0,"65":0,"66":0,"67":0,"68":0,"69":0,"70":1,"71":0,"72":0,"73":0,"74":0,"75":0,"76":0,"77":1,"78":0,"79":1,"80":0,"81":0,"82":0,"83":0,"84":0,"85":0,"86":0,"87":0,"88":0,"89":1,"90":9,"91":9,"92":9,"93":1,"94":0,"95":1,"96":0,"97":0,"98":0,"99":0,"100":0,"101":0,"102":0,"103":0,"104":0},"f":{"0":21,"1":20,"2":4,"3":4,"4":3,"5":1,"6":1,"7":0,"8":0,"9":0,"10":0,"11":0,"12":9,"13":0,"14":0},"b":{"0":[21,0],"1":[21,0],"2":[21,0],"3":[3,1],"4":[0,3],"5":[3,3],"6":[0,1],"7":[0,1],"8":[1,0],"9":[0,0],"10":[0,0],"11":[0,0],"12":[0,0],"13":[0,0],"14":[0,0],"15":[0,0],"16":[0,0],"17":[0,0]},"meta":{"lastBranch":18,"lastFunction":15,"lastStatement":105,"seen":{"s:9:20:9:Infinity":0,"s:10:29:10:Infinity":1,"s:24:51:32:Infinity":2,"s:35:27:58:Infinity":3,"f:35:27:35:48":0,"s:36:2:48:Infinity":4,"s:37:17:37:Infinity":5,"b:38:4:45:Infinity:undefined:undefined:undefined:undefined":0,"s:38:4:45:Infinity":6,"s:39:6:44:Infinity":7,"b:42:31:42:56:42:56:42:59":1,"b:43:21:43:36:43:36:43:39":2,"s:47:4:47:Infinity":8,"s:49:2:57:Infinity":9,"s:61:28:67:Infinity":10,"f:61:28:61:29":1,"s:62:2:66:Infinity":11,"s:63:4:63:Infinity":12,"s:65:4:65:Infinity":13,"s:70:32:75:Infinity":14,"f:70:32:70:33":2,"s:71:19:71:Infinity":15,"s:72:2:72:Infinity":16,"s:73:2:73:Infinity":17,"s:74:2:74:Infinity":18,"s:78:34:90:Infinity":19,"f:78:34:78:35":3,"s:79:19:79:Infinity":20,"b:80:2:88:Infinity:undefined:undefined:undefined:undefined":3,"s:80:2:88:Infinity":21,"s:81:4:81:Infinity":22,"s:83:19:83:Infinity":23,"b:84:4:86:Infinity:undefined:undefined:undefined:undefined":4,"s:84:4:86:Infinity":24,"b:84:8:84:18:84:18:84:48":5,"s:85:6:85:Infinity":25,"s:87:4:87:Infinity":26,"s:89:2:89:Infinity":27,"s:93:31:98:Infinity":28,"f:93:31:93:32":4,"s:94:19:94:Infinity":29,"s:95:2:95:Infinity":30,"s:96:2:96:Infinity":31,"s:97:2:97:Infinity":32,"s:101:23:107:Infinity":33,"f:101:23:101:37":5,"s:102:14:102:Infinity":34,"s:103:15:103:Infinity":35,"s:104:16:104:Infinity":36,"s:105:14:105:Infinity":37,"s:106:2:106:Infinity":38,"s:110:36:137:Infinity":39,"f:110:36:110:57":6,"s:111:19:111:Infinity":40,"s:112:16:112:Infinity":41,"b:114:2:117:Infinity:undefined:undefined:undefined:undefined":6,"s:114:2:117:Infinity":42,"s:116:4:116:Infinity":43,"s:119:20:119:Infinity":44,"s:120:2:120:Infinity":45,"s:121:23:121:Infinity":46,"b:123:2:132:Infinity:126:2:132:Infinity":7,"s:123:2:132:Infinity":47,"s:125:4:125:Infinity":48,"b:126:2:132:Infinity:129:9:132:Infinity":8,"s:126:2:132:Infinity":49,"s:128:4:128:Infinity":50,"s:131:4:131:Infinity":51,"s:134:2:134:Infinity":52,"s:135:2:135:Infinity":53,"s:136:2:136:Infinity":54,"s:140:24:147:Infinity":55,"f:140:24:140:25":7,"s:141:19:141:Infinity":56,"b:142:2:145:Infinity:undefined:undefined:undefined:undefined":9,"s:142:2:145:Infinity":57,"s:143:4:143:Infinity":58,"s:144:4:144:Infinity":59,"s:146:2:146:Infinity":60,"s:150:32:161:Infinity":61,"f:150:32:150:33":8,"s:151:19:151:Infinity":62,"b:152:2:159:Infinity:undefined:undefined:undefined:undefined":10,"s:152:2:159:Infinity":63,"s:153:4:153:Infinity":64,"s:155:16:155:Infinity":65,"s:156:20:156:Infinity":66,"s:157:4:157:Infinity":67,"s:158:4:158:Infinity":68,"s:160:2:160:Infinity":69,"s:164:35:173:Infinity":70,"f:164:35:164:50":9,"s:165:19:165:Infinity":71,"s:167:2:171:Infinity":72,"s:167:15:167:18":73,"b:168:4:170:Infinity:undefined:undefined:undefined:undefined":11,"s:168:4:170:Infinity":74,"s:169:6:169:Infinity":75,"s:172:2:172:Infinity":76,"s:176:34:178:Infinity":77,"f:176:34:176:48":10,"s:177:2:177:Infinity":78,"b:177:9:177:53:177:53:177:Infinity":12,"s:181:30:193:Infinity":79,"f:181:30:181:56":11,"s:182:19:182:Infinity":80,"b:183:2:185:Infinity:undefined:undefined:undefined:undefined":13,"s:183:2:185:Infinity":81,"s:184:4:184:Infinity":82,"s:186:18:186:Infinity":83,"s:187:8:187:Infinity":84,"b:188:2:191:Infinity:undefined:undefined:undefined:undefined":14,"s:188:2:191:Infinity":85,"s:189:31:189:Infinity":86,"s:190:4:190:Infinity":87,"s:192:2:192:Infinity":88,"s:196:29:208:Infinity":89,"f:196:29:196:50":12,"s:197:34:205:Infinity":90,"s:206:2:206:Infinity":91,"s:207:2:207:Infinity":92,"s:211:34:213:Infinity":93,"f:211:34:211:55":13,"s:212:2:212:Infinity":94,"s:217:36:234:Infinity":95,"f:217:36:217:51":14,"s:218:19:218:Infinity":96,"s:219:29:219:Infinity":97,"s:221:2:227:Infinity":98,"b:223:4:226:Infinity:undefined:undefined:undefined:undefined":15,"s:223:4:226:Infinity":99,"b:223:8:223:47:223:47:223:74":16,"s:224:6:224:Infinity":100,"s:225:6:225:Infinity":101,"b:229:2:231:Infinity:undefined:undefined:undefined:undefined":17,"s:229:2:231:Infinity":102,"s:230:4:230:Infinity":103,"s:233:2:233:Infinity":104}}}
,"D:\\MyWork\\LeanMind\\LeanClaw\\src\\utils\\markdown.ts": {"path":"D:\\MyWork\\LeanMind\\LeanClaw\\src\\utils\\markdown.ts","statementMap":{"0":{"start":{"line":8,"column":23},"end":{"line":32,"column":null}},"1":{"start":{"line":14,"column":4},"end":{"line":16,"column":null}},"2":{"start":{"line":15,"column":6},"end":{"line":15,"column":null}},"3":{"start":{"line":18,"column":4},"end":{"line":30,"column":null}},"4":{"start":{"line":20,"column":26},"end":{"line":23,"column":null}},"5":{"start":{"line":25,"column":6},"end":{"line":25,"column":null}},"6":{"start":{"line":28,"column":6},"end":{"line":28,"column":null}},"7":{"start":{"line":29,"column":6},"end":{"line":29,"column":null}},"8":{"start":{"line":39,"column":30},"end":{"line":51,"column":null}},"9":{"start":{"line":40,"column":2},"end":{"line":40,"column":null}},"10":{"start":{"line":40,"column":16},"end":{"line":40,"column":null}},"11":{"start":{"line":42,"column":17},"end":{"line":42,"column":null}},"12":{"start":{"line":45,"column":2},"end":{"line":45,"column":null}},"13":{"start":{"line":48,"column":2},"end":{"line":48,"column":null}},"14":{"start":{"line":50,"column":2},"end":{"line":50,"column":null}},"15":{"start":{"line":58,"column":20},"end":{"line":102,"column":null}},"16":{"start":{"line":59,"column":15},"end":{"line":59,"column":null}},"17":{"start":{"line":62,"column":2},"end":{"line":62,"column":null}},"18":{"start":{"line":63,"column":2},"end":{"line":63,"column":null}},"19":{"start":{"line":64,"column":2},"end":{"line":64,"column":null}},"20":{"start":{"line":65,"column":2},"end":{"line":65,"column":null}},"21":{"start":{"line":68,"column":2},"end":{"line":68,"column":null}},"22":{"start":{"line":71,"column":2},"end":{"line":71,"column":null}},"23":{"start":{"line":72,"column":2},"end":{"line":72,"column":null}},"24":{"start":{"line":73,"column":2},"end":{"line":73,"column":null}},"25":{"start":{"line":76,"column":2},"end":{"line":76,"column":null}},"26":{"start":{"line":79,"column":2},"end":{"line":79,"column":null}},"27":{"start":{"line":82,"column":2},"end":{"line":82,"column":null}},"28":{"start":{"line":83,"column":2},"end":{"line":83,"column":null}},"29":{"start":{"line":84,"column":2},"end":{"line":84,"column":null}},"30":{"start":{"line":85,"column":2},"end":{"line":85,"column":null}},"31":{"start":{"line":86,"column":2},"end":{"line":86,"column":null}},"32":{"start":{"line":89,"column":2},"end":{"line":89,"column":null}},"33":{"start":{"line":92,"column":2},"end":{"line":92,"column":null}},"34":{"start":{"line":95,"column":2},"end":{"line":95,"column":null}},"35":{"start":{"line":98,"column":2},"end":{"line":98,"column":null}},"36":{"start":{"line":99,"column":2},"end":{"line":99,"column":null}},"37":{"start":{"line":101,"column":2},"end":{"line":101,"column":null}},"38":{"start":{"line":109,"column":32},"end":{"line":142,"column":null}},"39":{"start":{"line":111,"column":18},"end":{"line":111,"column":null}},"40":{"start":{"line":112,"column":16},"end":{"line":112,"column":null}},"41":{"start":{"line":114,"column":2},"end":{"line":116,"column":null}},"42":{"start":{"line":115,"column":4},"end":{"line":115,"column":null}},"43":{"start":{"line":118,"column":25},"end":{"line":118,"column":null}},"44":{"start":{"line":119,"column":15},"end":{"line":119,"column":null}},"45":{"start":{"line":122,"column":42},"end":{"line":122,"column":null}},"46":{"start":{"line":123,"column":16},"end":{"line":123,"column":null}},"47":{"start":{"line":125,"column":2},"end":{"line":139,"column":null}},"48":{"start":{"line":126,"column":23},"end":{"line":126,"column":null}},"49":{"start":{"line":127,"column":4},"end":{"line":138,"column":null}},"50":{"start":{"line":128,"column":18},"end":{"line":128,"column":null}},"51":{"start":{"line":129,"column":18},"end":{"line":129,"column":null}},"52":{"start":{"line":132,"column":6},"end":{"line":135,"column":null}},"53":{"start":{"line":134,"column":8},"end":{"line":134,"column":null}},"54":{"start":{"line":137,"column":6},"end":{"line":137,"column":null}},"55":{"start":{"line":141,"column":2},"end":{"line":141,"column":null}},"56":{"start":{"line":147,"column":37},"end":{"line":149,"column":null}},"57":{"start":{"line":148,"column":2},"end":{"line":148,"column":null}}},"fnMap":{"0":{"name":"(anonymous_0)","decl":{"start":{"line":12,"column":2},"end":{"line":12,"column":13}},"loc":{"start":{"line":12,"column":58},"end":{"line":31,"column":null}},"line":12},"1":{"name":"(anonymous_1)","decl":{"start":{"line":39,"column":30},"end":{"line":39,"column":31}},"loc":{"start":{"line":39,"column":59},"end":{"line":51,"column":null}},"line":39},"2":{"name":"(anonymous_2)","decl":{"start":{"line":58,"column":20},"end":{"line":58,"column":21}},"loc":{"start":{"line":58,"column":46},"end":{"line":102,"column":null}},"line":58},"3":{"name":"(anonymous_3)","decl":{"start":{"line":109,"column":32},"end":{"line":109,"column":33}},"loc":{"start":{"line":109,"column":105},"end":{"line":142,"column":null}},"line":109},"4":{"name":"(anonymous_4)","decl":{"start":{"line":147,"column":37},"end":{"line":147,"column":53}},"loc":{"start":{"line":147,"column":53},"end":{"line":149,"column":null}},"line":147}},"branchMap":{"0":{"loc":{"start":{"line":14,"column":4},"end":{"line":16,"column":null}},"type":"if","locations":[{"start":{"line":14,"column":4},"end":{"line":16,"column":null}},{"start":{},"end":{}}],"line":14},"1":{"loc":{"start":{"line":40,"column":2},"end":{"line":40,"column":null}},"type":"if","locations":[{"start":{"line":40,"column":2},"end":{"line":40,"column":null}},{"start":{},"end":{}}],"line":40},"2":{"loc":{"start":{"line":114,"column":2},"end":{"line":116,"column":null}},"type":"if","locations":[{"start":{"line":114,"column":2},"end":{"line":116,"column":null}},{"start":{},"end":{}}],"line":114},"3":{"loc":{"start":{"line":127,"column":4},"end":{"line":138,"column":null}},"type":"if","locations":[{"start":{"line":127,"column":4},"end":{"line":138,"column":null}},{"start":{},"end":{}}],"line":127},"4":{"loc":{"start":{"line":132,"column":6},"end":{"line":135,"column":null}},"type":"if","locations":[{"start":{"line":132,"column":6},"end":{"line":135,"column":null}},{"start":{},"end":{}}],"line":132},"5":{"loc":{"start":{"line":132,"column":11},"end":{"line":133,"column":58}},"type":"binary-expr","locations":[{"start":{"line":132,"column":11},"end":{"line":132,"column":36}},{"start":{"line":132,"column":36},"end":{"line":132,"column":null}},{"start":{"line":133,"column":11},"end":{"line":133,"column":36}},{"start":{"line":133,"column":36},"end":{"line":133,"column":58}}],"line":132}},"s":{"0":1,"1":1,"2":0,"3":1,"4":1,"5":1,"6":0,"7":0,"8":1,"9":5,"10":0,"11":5,"12":5,"13":5,"14":5,"15":1,"16":5,"17":5,"18":5,"19":5,"20":5,"21":5,"22":5,"23":5,"24":5,"25":5,"26":5,"27":5,"28":5,"29":5,"30":5,"31":5,"32":5,"33":5,"34":5,"35":5,"36":5,"37":5,"38":1,"39":2,"40":2,"41":2,"42":1,"43":1,"44":1,"45":1,"46":1,"47":1,"48":2,"49":2,"50":2,"51":2,"52":2,"53":0,"54":2,"55":1,"56":1,"57":0},"f":{"0":1,"1":5,"2":5,"3":2,"4":0},"b":{"0":[0,1],"1":[0,5],"2":[1,1],"3":[2,0],"4":[0,2],"5":[2,0,2,0]},"meta":{"lastBranch":6,"lastFunction":5,"lastStatement":58,"seen":{"s:8:23:32:Infinity":0,"f:12:2:12:13":0,"b:14:4:16:Infinity:undefined:undefined:undefined:undefined":0,"s:14:4:16:Infinity":1,"s:15:6:15:Infinity":2,"s:18:4:30:Infinity":3,"s:20:26:23:Infinity":4,"s:25:6:25:Infinity":5,"s:28:6:28:Infinity":6,"s:29:6:29:Infinity":7,"s:39:30:51:Infinity":8,"f:39:30:39:31":1,"b:40:2:40:Infinity:undefined:undefined:undefined:undefined":1,"s:40:2:40:Infinity":9,"s:40:16:40:Infinity":10,"s:42:17:42:Infinity":11,"s:45:2:45:Infinity":12,"s:48:2:48:Infinity":13,"s:50:2:50:Infinity":14,"s:58:20:102:Infinity":15,"f:58:20:58:21":2,"s:59:15:59:Infinity":16,"s:62:2:62:Infinity":17,"s:63:2:63:Infinity":18,"s:64:2:64:Infinity":19,"s:65:2:65:Infinity":20,"s:68:2:68:Infinity":21,"s:71:2:71:Infinity":22,"s:72:2:72:Infinity":23,"s:73:2:73:Infinity":24,"s:76:2:76:Infinity":25,"s:79:2:79:Infinity":26,"s:82:2:82:Infinity":27,"s:83:2:83:Infinity":28,"s:84:2:84:Infinity":29,"s:85:2:85:Infinity":30,"s:86:2:86:Infinity":31,"s:89:2:89:Infinity":32,"s:92:2:92:Infinity":33,"s:95:2:95:Infinity":34,"s:98:2:98:Infinity":35,"s:99:2:99:Infinity":36,"s:101:2:101:Infinity":37,"s:109:32:142:Infinity":38,"f:109:32:109:33":3,"s:111:18:111:Infinity":39,"s:112:16:112:Infinity":40,"b:114:2:116:Infinity:undefined:undefined:undefined:undefined":2,"s:114:2:116:Infinity":41,"s:115:4:115:Infinity":42,"s:118:25:118:Infinity":43,"s:119:15:119:Infinity":44,"s:122:42:122:Infinity":45,"s:123:16:123:Infinity":46,"s:125:2:139:Infinity":47,"s:126:23:126:Infinity":48,"b:127:4:138:Infinity:undefined:undefined:undefined:undefined":3,"s:127:4:138:Infinity":49,"s:128:18:128:Infinity":50,"s:129:18:129:Infinity":51,"b:132:6:135:Infinity:undefined:undefined:undefined:undefined":4,"s:132:6:135:Infinity":52,"b:132:11:132:36:132:36:132:Infinity:133:11:133:36:133:36:133:58":5,"s:134:8:134:Infinity":53,"s:137:6:137:Infinity":54,"s:141:2:141:Infinity":55,"s:147:37:149:Infinity":56,"f:147:37:147:53":4,"s:148:2:148:Infinity":57}}}
}
